# JRE version: Java(TM) SE Runtime Environment (8.0_201-b09) (build 1.8.0_201-b09)
# Java VM: Java HotSpot(TM) 64-Bit Server VM (25.201-b09 mixed mode windows-amd64 compressed oops)
Heap:
 PSYoungGen      total 328192K, used 76493K [0x000000076e000000, 0x0000000789b80000, 0x00000007c0000000)
  eden space 309248K, 18% used [0x000000076e000000,0x00000007718a1998,0x0000000780e00000)
  from space 18944K, 97% used [0x0000000787780000,0x0000000788991bf8,0x0000000788a00000)
  to   space 17920K, 0% used [0x0000000788a00000,0x0000000788a00000,0x0000000789b80000)
 ParOldGen       total 187904K, used 51504K [0x00000006ca000000, 0x00000006d5780000, 0x000000076e000000)
  object space 187904K, 27% used [0x00000006ca000000,0x00000006cd24c020,0x00000006d5780000)
 Metaspace       used 57745K, capacity 61628K, committed 61784K, reserved 1101824K
  class space    used 7792K, capacity 8473K, committed 8576K, reserved 1048576K
GC Heap History (10 events):
Event: 606.028 GC heap before
{Heap before GC invocations=14 (full 3):
 PSYoungGen      total 375808K, used 365308K [0x000000076e000000, 0x0000000787f00000, 0x00000007c0000000)
  eden space 355328K, 100% used [0x000000076e000000,0x0000000783b00000,0x0000000783b00000)
  from space 20480K, 48% used [0x0000000784e80000,0x000000078583f340,0x0000000786280000)
  to   space 19968K, 0% used [0x0000000783b00000,0x0000000783b00000,0x0000000784e80000)
 ParOldGen       total 187904K, used 34766K [0x00000006ca000000, 0x00000006d5780000, 0x000000076e000000)
  object space 187904K, 18% used [0x00000006ca000000,0x00000006cc1f3880,0x00000006d5780000)
 Metaspace       used 56901K, capacity 60666K, committed 60888K, reserved 1101824K
  class space    used 7742K, capacity 8424K, committed 8448K, reserved 1048576K
Event: 606.031 GC heap after
Heap after GC invocations=14 (full 3):
 PSYoungGen      total 375296K, used 1280K [0x000000076e000000, 0x000000078be80000, 0x00000007c0000000)
  eden space 355328K, 0% used [0x000000076e000000,0x000000076e000000,0x0000000783b00000)
  from space 19968K, 6% used [0x0000000783b00000,0x0000000783c40000,0x0000000784e80000)
  to   space 20480K, 0% used [0x000000078aa80000,0x000000078aa80000,0x000000078be80000)
 ParOldGen       total 187904K, used 34774K [0x00000006ca000000, 0x00000006d5780000, 0x000000076e000000)
  object space 187904K, 18% used [0x00000006ca000000,0x00000006cc1f5880,0x00000006d5780000)
 Metaspace       used 56901K, capacity 60666K, committed 60888K, reserved 1101824K
  class space    used 7742K, capacity 8424K, committed 8448K, reserved 1048576K
}
Event: 15547.727 GC heap before
{Heap before GC invocations=15 (full 3):
 PSYoungGen      total 375296K, used 356546K [0x000000076e000000, 0x000000078be80000, 0x00000007c0000000)
  eden space 355328K, 99% used [0x000000076e000000,0x0000000783af08b8,0x0000000783b00000)
  from space 19968K, 6% used [0x0000000783b00000,0x0000000783c40000,0x0000000784e80000)
  to   space 20480K, 0% used [0x000000078aa80000,0x000000078aa80000,0x000000078be80000)
 ParOldGen       total 187904K, used 34774K [0x00000006ca000000, 0x00000006d5780000, 0x000000076e000000)
  object space 187904K, 18% used [0x00000006ca000000,0x00000006cc1f5880,0x00000006d5780000)
 Metaspace       used 57425K, capacity 61298K, committed 61528K, reserved 1101824K
  class space    used 7785K, capacity 8472K, committed 8576K, reserved 1048576K
Event: 15547.800 GC heap after
Heap after GC invocations=15 (full 3):
 PSYoungGen      total 348672K, used 5618K [0x000000076e000000, 0x000000078b000000, 0x00000007c0000000)
  eden space 343040K, 0% used [0x000000076e000000,0x000000076e000000,0x0000000782f00000)
  from space 5632K, 99% used [0x000000078aa80000,0x000000078affcbb8,0x000000078b000000)
  to   space 20480K, 0% used [0x0000000788800000,0x0000000788800000,0x0000000789c00000)
 ParOldGen       total 187904K, used 34782K [0x00000006ca000000, 0x00000006d5780000, 0x000000076e000000)
  object space 187904K, 18% used [0x00000006ca000000,0x00000006cc1f7880,0x00000006d5780000)
 Metaspace       used 57425K, capacity 61298K, committed 61528K, reserved 1101824K
  class space    used 7785K, capacity 8472K, committed 8576K, reserved 1048576K
}
Event: 15852.059 GC heap before
{Heap before GC invocations=16 (full 3):
 PSYoungGen      total 348672K, used 348658K [0x000000076e000000, 0x000000078b000000, 0x00000007c0000000)
  eden space 343040K, 100% used [0x000000076e000000,0x0000000782f00000,0x0000000782f00000)
  from space 5632K, 99% used [0x000000078aa80000,0x000000078affcbb8,0x000000078b000000)
  to   space 20480K, 0% used [0x0000000788800000,0x0000000788800000,0x0000000789c00000)
 ParOldGen       total 187904K, used 34782K [0x00000006ca000000, 0x00000006d5780000, 0x000000076e000000)
  object space 187904K, 18% used [0x00000006ca000000,0x00000006cc1f7880,0x00000006d5780000)
 Metaspace       used 57445K, capacity 61298K, committed 61528K, reserved 1101824K
  class space    used 7786K, capacity 8472K, committed 8576K, reserved 1048576K
Event: 15852.066 GC heap after
Heap after GC invocations=16 (full 3):
 PSYoungGen      total 350720K, used 19039K [0x000000076e000000, 0x000000078ab00000, 0x00000007c0000000)
  eden space 331264K, 0% used [0x000000076e000000,0x000000076e000000,0x0000000782380000)
  from space 19456K, 97% used [0x0000000788800000,0x0000000789a97e40,0x0000000789b00000)
  to   space 16384K, 0% used [0x0000000789b00000,0x0000000789b00000,0x000000078ab00000)
 ParOldGen       total 187904K, used 51488K [0x00000006ca000000, 0x00000006d5780000, 0x000000076e000000)
  object space 187904K, 27% used [0x00000006ca000000,0x00000006cd248000,0x00000006d5780000)
 Metaspace       used 57445K, capacity 61298K, committed 61528K, reserved 1101824K
  class space    used 7786K, capacity 8472K, committed 8576K, reserved 1048576K
}
Event: 16214.836 GC heap before
{Heap before GC invocations=17 (full 3):
 PSYoungGen      total 350720K, used 350303K [0x000000076e000000, 0x000000078ab00000, 0x00000007c0000000)
  eden space 331264K, 100% used [0x000000076e000000,0x0000000782380000,0x0000000782380000)
  from space 19456K, 97% used [0x0000000788800000,0x0000000789a97e40,0x0000000789b00000)
  to   space 16384K, 0% used [0x0000000789b00000,0x0000000789b00000,0x000000078ab00000)
 ParOldGen       total 187904K, used 51488K [0x00000006ca000000, 0x00000006d5780000, 0x000000076e000000)
  object space 187904K, 27% used [0x00000006ca000000,0x00000006cd248000,0x00000006d5780000)
 Metaspace       used 57577K, capacity 61428K, committed 61784K, reserved 1101824K
  class space    used 7791K, capacity 8473K, committed 8576K, reserved 1048576K
Event: 16214.853 GC heap after
Heap after GC invocations=17 (full 3):
 PSYoungGen      total 327680K, used 7436K [0x000000076e000000, 0x000000078a280000, 0x00000007c0000000)
  eden space 320000K, 0% used [0x000000076e000000,0x000000076e000000,0x0000000781880000)
  from space 7680K, 96% used [0x0000000789b00000,0x000000078a243208,0x000000078a280000)
  to   space 22016K, 0% used [0x0000000787780000,0x0000000787780000,0x0000000788d00000)
 ParOldGen       total 187904K, used 51496K [0x00000006ca000000, 0x00000006d5780000, 0x000000076e000000)
  object space 187904K, 27% used [0x00000006ca000000,0x00000006cd24a000,0x00000006d5780000)
 Metaspace       used 57577K, capacity 61428K, committed 61784K, reserved 1101824K
  class space    used 7791K, capacity 8473K, committed 8576K, reserved 1048576K
}
Event: 17158.458 GC heap before
{Heap before GC invocations=18 (full 3):
 PSYoungGen      total 327680K, used 327436K [0x000000076e000000, 0x000000078a280000, 0x00000007c0000000)
  eden space 320000K, 100% used [0x000000076e000000,0x0000000781880000,0x0000000781880000)
  from space 7680K, 96% used [0x0000000789b00000,0x000000078a243208,0x000000078a280000)
  to   space 22016K, 0% used [0x0000000787780000,0x0000000787780000,0x0000000788d00000)
 ParOldGen       total 187904K, used 51496K [0x00000006ca000000, 0x00000006d5780000, 0x000000076e000000)
  object space 187904K, 27% used [0x00000006ca000000,0x00000006cd24a020,0x00000006d5780000)
 Metaspace       used 57745K, capacity 61628K, committed 61784K, reserved 1101824K
  class space    used 7792K, capacity 8473K, committed 8576K, reserved 1048576K
Event: 17158.470 GC heap after
Heap after GC invocations=18 (full 3):
 PSYoungGen      total 328192K, used 18502K [0x000000076e000000, 0x0000000789b80000, 0x00000007c0000000)
  eden space 309248K, 0% used [0x000000076e000000,0x000000076e000000,0x0000000780e00000)
  from space 18944K, 97% used [0x0000000787780000,0x0000000788991bf8,0x0000000788a00000)
  to   space 17920K, 0% used [0x0000000788a00000,0x0000000788a00000,0x0000000789b80000)
 ParOldGen       total 187904K, used 51504K [0x00000006ca000000, 0x00000006d5780000, 0x000000076e000000)
  object space 187904K, 27% used [0x00000006ca000000,0x00000006cd24c020,0x00000006d5780000)
 Metaspace       used 57745K, capacity 61628K, committed 61784K, reserved 1101824K
  class space    used 7792K, capacity 8473K, committed 8576K, reserved 1048576K
}

